valgrind --tool=memcheck --leak-check=yes ./Data.out
==28568== Memcheck, a memory error detector
==28568== Copyright (C) 2002-2010, and GNU GPL'd, by Julian Seward et al.
==28568== Using Valgrind-3.6.1 and LibVEX; rerun with -h for copyright info
==28568== Command: ./Data.out
==28568== 
==28568== Conditional jump or move depends on uninitialised value(s)
==28568==    at 0x80484B1: foo(Data**, int) (Data.cpp:7)
==28568==    by 0x804851A: main (Data.cpp:15)
==28568== 
==28568== 
==28568== HEAP SUMMARY:
==28568==     in use at exit: 20 bytes in 1 blocks
==28568==   total heap usage: 1 allocs, 0 frees, 20 bytes allocated
==28568== 
==28568== 20 bytes in 1 blocks are definitely lost in loss record 1 of 1
==28568==    at 0x4024604: operator new[](unsigned int) (in /usr/lib/valgrind/vgpreload_memcheck-x86-linux.so)
==28568==    by 0x8048502: main (Data.cpp:14)
==28568== 
==28568== LEAK SUMMARY:
==28568==    definitely lost: 20 bytes in 1 blocks
==28568==    indirectly lost: 0 bytes in 0 blocks
==28568==      possibly lost: 0 bytes in 0 blocks
==28568==    still reachable: 0 bytes in 0 blocks
==28568==         suppressed: 0 bytes in 0 blocks
==28568== 
==28568== For counts of detected and suppressed errors, rerun with: -v
==28568== Use --track-origins=yes to see where uninitialised values come from
==28568== ERROR SUMMARY: 6 errors from 2 contexts (suppressed: 17 from 6)
