valgrind --tool=memcheck --leak-check=yes ./Data.out
==28668== Memcheck, a memory error detector
==28668== Copyright (C) 2002-2010, and GNU GPL'd, by Julian Seward et al.
==28668== Using Valgrind-3.6.1 and LibVEX; rerun with -h for copyright info
==28668== Command: ./Data.out
==28668== 
==28668== 
==28668== HEAP SUMMARY:
==28668==     in use at exit: 60 bytes in 5 blocks
==28668==   total heap usage: 6 allocs, 1 frees, 80 bytes allocated
==28668== 
==28668== 60 bytes in 5 blocks are definitely lost in loss record 1 of 1
==28668==    at 0x4024B64: operator new(unsigned int) (in /usr/lib/valgrind/vgpreload_memcheck-x86-linux.so)
==28668==    by 0x80484EA: foo(Data**, int) (Data.cpp:8)
==28668==    by 0x804853B: main (Data.cpp:16)
==28668== 
==28668== LEAK SUMMARY:
==28668==    definitely lost: 60 bytes in 5 blocks
==28668==    indirectly lost: 0 bytes in 0 blocks
==28668==      possibly lost: 0 bytes in 0 blocks
==28668==    still reachable: 0 bytes in 0 blocks
==28668==         suppressed: 0 bytes in 0 blocks
==28668== 
==28668== For counts of detected and suppressed errors, rerun with: -v
==28668== ERROR SUMMARY: 1 errors from 1 contexts (suppressed: 17 from 6)
