g++ -g -Wall Data.cpp -o Data.out
valgrind --tool=memcheck --leak-check=yes ./Data.out
==28603== Memcheck, a memory error detector
==28603== Copyright (C) 2002-2010, and GNU GPL'd, by Julian Seward et al.
==28603== Using Valgrind-3.6.1 and LibVEX; rerun with -h for copyright info
==28603== Command: ./Data.out
==28603== 
==28603== 
==28603== HEAP SUMMARY:
==28603==     in use at exit: 80 bytes in 6 blocks
==28603==   total heap usage: 6 allocs, 0 frees, 80 bytes allocated
==28603== 
==28603== 80 (20 direct, 60 indirect) bytes in 1 blocks are definitely lost in loss record 2 of 2
==28603==    at 0x4024604: operator new[](unsigned int) (in /usr/lib/valgrind/vgpreload_memcheck-x86-linux.so)
==28603==    by 0x80484F3: main (Data.cpp:14)
==28603== 
==28603== LEAK SUMMARY:
==28603==    definitely lost: 20 bytes in 1 blocks
==28603==    indirectly lost: 60 bytes in 5 blocks
==28603==      possibly lost: 0 bytes in 0 blocks
==28603==    still reachable: 0 bytes in 0 blocks
==28603==         suppressed: 0 bytes in 0 blocks
==28603== 
==28603== For counts of detected and suppressed errors, rerun with: -v
==28603== ERROR SUMMARY: 1 errors from 1 contexts (suppressed: 17 from 6)
